<?xml version="1.0" encoding="UTF-8"?>
<beans xmlns="http://www.springframework.org/schema/beans"
	xmlns:xsi="http://www.w3.org/2001/XMLSchema-instance" xmlns:aop="http://www.springframework.org/schema/aop"
	xmlns:tx="http://www.springframework.org/schema/tx" xmlns:context="http://www.springframework.org/schema/context"
	xsi:schemaLocation="http://www.springframework.org/schema/beans http://www.springframework.org/schema/beans/spring-beans.xsd
	http://www.springframework.org/schema/aop http://www.springframework.org/schema/aop/spring-aop.xsd
	http://www.springframework.org/schema/tx http://www.springframework.org/schema/tx/spring-tx.xsd
	http://www.springframework.org/schema/context http://www.springframework.org/schema/context/spring-context-3.1.xsd
	">
	<context:component-scan base-package="com.aixuexiao,lky" />
	<context:property-placeholder location="classpath:db.properties" />
	<bean id="dataSource" class="org.apache.commons.dbcp.BasicDataSource"
		destroy-method="close">
		<property name="driverClassName" value="com.mysql.jdbc.Driver" />
		<property name="url"
			value="jdbc:mysql://${db.write.host}:${db.write.port}/${db.write.database}" />
		<property name="username" value="root" />
		<property name="password" value="123" />
	</bean>
	<bean id="txManager"
		class="org.springframework.jdbc.datasource.DataSourceTransactionManager">
		<property name="dataSource" ref="dataSource" />
	</bean>
	<!--<tx:advice id="txAdvice" transaction-manager="txManager">
		<tx:attributes>
			<tx:method name="get*" read-only="true" />
			<tx:method name="*" />
		</tx:attributes>
	</tx:advice>
	<aop:config>
		<aop:pointcut expression="execution(* lky.service.UserService.*(..))"
			id="userServiceOperation" />
		<aop:advisor advice-ref="txAdvice" pointcut-ref="userServiceOperation" />
	</aop:config> -->
	<tx:annotation-driven transaction-manager="txManager" proxy-target-class="true"/>
	
	<bean id="readSqlSessionFactory" class="org.mybatis.spring.SqlSessionFactoryBean">
		<property name="dataSource" ref="dataSource" />
		<property name="configLocation" value="classpath:sqlMapConfig.xml"/>
	</bean>
    
    
    <bean id="readSqlSession" class="org.mybatis.spring.SqlSessionTemplate">
		<constructor-arg index="0" ref="readSqlSessionFactory" />
	</bean>
	
	    <!-- 配置写的ibatis （主库）-->
    <bean id="writerSqlSessionFactory" class="org.mybatis.spring.SqlSessionFactoryBean">
		<property name="dataSource" ref="dataSource" />
		<property name="configLocation" value="classpath:sqlMapConfig.xml"/>
	</bean>
    
    <bean id="writerSqlSession" class="org.mybatis.spring.SqlSessionTemplate">
		<constructor-arg index="0" ref=
		"writerSqlSessionFactory" />
	</bean>
	
	
	
	
	
	
	
</beans>
